c:\users\vjcassol\downloads\helloglfw\helloglfw\debug\vc141.pdb
c:\users\vjcassol\downloads\helloglfw\helloglfw\debug\vc141.idb
c:\users\vjcassol\downloads\helloglfw\helloglfw\debug\source.obj
c:\users\vjcassol\downloads\helloglfw\helloglfw\debug\render.obj
c:\users\vjcassol\downloads\projeto\helloglfw\helloglfw\debug\vc141.pdb
c:\users\vjcassol\downloads\projeto\helloglfw\helloglfw\debug\vc141.idb
c:\users\vjcassol\downloads\projeto\helloglfw\helloglfw\debug\source.obj
c:\users\vjcassol\downloads\projeto\helloglfw\helloglfw\debug\render.obj
c:\users\vjcassol\downloads\projeto\projeto\helloglfw\helloglfw\debug\vc141.pdb
c:\users\vjcassol\downloads\projeto\projeto\helloglfw\helloglfw\debug\vc141.idb
c:\users\vjcassol\downloads\projeto\projeto\helloglfw\helloglfw\debug\source.obj
c:\users\vjcassol\downloads\projeto\projeto\helloglfw\helloglfw\debug\render.obj
c:\users\vjcassol\downloads\helloglfw\debug\helloglfw.exe
c:\users\vjcassol\downloads\helloglfw\debug\helloglfw.ilk
c:\users\vjcassol\downloads\helloglfw\debug\helloglfw.pdb
c:\users\vjcassol\downloads\projeto\helloglfw\debug\helloglfw.exe
c:\users\vjcassol\downloads\projeto\helloglfw\debug\helloglfw.ilk
c:\users\vjcassol\downloads\projeto\helloglfw\debug\helloglfw.pdb
c:\users\vjcassol\downloads\projeto\projeto\helloglfw\helloglfw\debug\vc140.idb
c:\users\vjcassol\downloads\projeto\projeto\helloglfw\helloglfw\debug\vc140.pdb
c:\users\vjcassol\downloads\projeto\projeto\helloglfw\debug\helloglfw.pdb
c:\users\vjcassol\downloads\projeto\projeto\helloglfw\helloglfw\debug\helloglfw.tlog\cl.command.1.tlog
c:\users\vjcassol\downloads\projeto\projeto\helloglfw\helloglfw\debug\helloglfw.tlog\cl.read.1.tlog
c:\users\vjcassol\downloads\projeto\projeto\helloglfw\helloglfw\debug\helloglfw.tlog\cl.write.1.tlog
c:\users\vjcassol\downloads\projeto\projeto\helloglfw\helloglfw\debug\helloglfw.tlog\link-cvtres.read.1.tlog
c:\users\vjcassol\downloads\projeto\projeto\helloglfw\helloglfw\debug\helloglfw.tlog\link-cvtres.write.1.tlog
c:\users\vjcassol\downloads\projeto\projeto\helloglfw\helloglfw\debug\helloglfw.tlog\link-rc.read.1.tlog
c:\users\vjcassol\downloads\projeto\projeto\helloglfw\helloglfw\debug\helloglfw.tlog\link-rc.write.1.tlog
c:\users\vjcassol\downloads\projeto\projeto\helloglfw\helloglfw\debug\helloglfw.tlog\link.command.1.tlog
c:\users\vjcassol\downloads\projeto\projeto\helloglfw\helloglfw\debug\helloglfw.tlog\link.read.1.tlog
c:\users\vjcassol\downloads\projeto\projeto\helloglfw\helloglfw\debug\helloglfw.tlog\link.write.1.tlog
